2025-10-26 08:01:24,744 P1656 [INFO] ************************************************************
2025-10-26 08:01:24,744 P1656 [INFO] ConfigSet _OnInstanceBoot
2025-10-26 08:01:24,746 P1656 [INFO] ++++++++++++++++++++++++++++++++++++++++++++++++++++++++++++
2025-10-26 08:01:24,746 P1656 [INFO] Config AWSEBBaseConfig
2025-10-26 08:01:24,973 P1656 [INFO] ============================================================
2025-10-26 08:01:24,973 P1656 [INFO] Command clearbackupfiles
2025-10-26 08:01:24,983 P1656 [INFO] Completed successfully.
2025-10-26 08:01:24,986 P1656 [INFO] ++++++++++++++++++++++++++++++++++++++++++++++++++++++++++++
2025-10-26 08:01:24,987 P1656 [INFO] Config AWSEBCfnHupEndpointOverride
2025-10-26 08:01:24,987 P1656 [INFO] ============================================================
2025-10-26 08:01:24,987 P1656 [INFO] Command clearbackupfiles
2025-10-26 08:01:24,991 P1656 [INFO] Completed successfully.
2025-10-26 08:04:04,439 P1922 [INFO] ************************************************************
2025-10-26 08:04:04,439 P1922 [INFO] ConfigSet Infra-EmbeddedPreBuild
2025-10-26 08:04:06,868 P2089 [INFO] ************************************************************
2025-10-26 08:04:06,868 P2089 [INFO] ConfigSet Infra-EmbeddedPostBuild
2025-10-26 08:09:55,957 P2493 [INFO] ************************************************************
2025-10-26 08:09:55,957 P2493 [INFO] ConfigSet Infra-EmbeddedPreBuild
2025-10-26 08:09:58,796 P2667 [INFO] ************************************************************
2025-10-26 08:09:58,796 P2667 [INFO] ConfigSet Infra-EmbeddedPostBuild
2025-10-26 08:14:48,756 P3186 [INFO] ************************************************************
2025-10-26 08:14:48,756 P3186 [INFO] ConfigSet Infra-EmbeddedPreBuild
2025-10-26 08:14:51,813 P3414 [INFO] ************************************************************
2025-10-26 08:14:51,813 P3414 [INFO] ConfigSet Infra-EmbeddedPostBuild
2025-10-26 08:19:18,157 P3866 [INFO] ************************************************************
2025-10-26 08:19:18,157 P3866 [INFO] ConfigSet Infra-EmbeddedPreBuild
2025-10-26 08:19:21,083 P4095 [INFO] ************************************************************
2025-10-26 08:19:21,083 P4095 [INFO] ConfigSet Infra-EmbeddedPostBuild
