2025-10-26 08:01:28,084 [DEBUG] CloudFormation client initialized with endpoint https://cloudformation.us-east-1.amazonaws.com
2025-10-26 08:01:28,085 [DEBUG] SQS client initialized with endpoint https://sqs.us-east-1.amazonaws.com
2025-10-26 08:01:28,085 [DEBUG] CloudFormation client initialized with endpoint https://cloudformation.us-east-1.amazonaws.com
2025-10-26 08:01:28,085 [DEBUG] Enabled single threading mode.
2025-10-26 08:01:28,085 [DEBUG] Creating /var/lib/cfn-hup/data
2025-10-26 08:01:28,094 [INFO] No umask value specified in config file. Using the default one: 0o22
2025-10-26 08:01:28,146 [INFO] Pid: 1787
2025-10-26 08:01:28,490 [INFO] Refreshing listener credentials
2025-10-26 08:01:28,582 [INFO] Scheduling next credential refresh in 1800.0 seconds
2025-10-26 08:04:02,992 [INFO] Received command ElasticBeanstalkCommand-AWSEBAutoScalingGroup (invocation id: c08bccb3-7b5f-4df2-a3df-91aab8580379)
2025-10-26 08:04:02,992 [INFO] Running action for aws-eb-command-handler
2025-10-26 08:04:23,493 [INFO] Action for aws-eb-command-handler succeeded, returning SUCCESS
2025-10-26 08:06:43,774 [INFO] command processing is alive.
2025-10-26 08:09:54,663 [INFO] Received command ElasticBeanstalkCommand-AWSEBAutoScalingGroup (invocation id: 71eac9f6-af02-4a01-9ffe-0eac64c1e5d0)
2025-10-26 08:09:54,663 [INFO] Running action for aws-eb-command-handler
2025-10-26 08:10:03,566 [INFO] Action for aws-eb-command-handler succeeded, returning SUCCESS
2025-10-26 08:11:43,809 [INFO] command processing is alive.
2025-10-26 08:14:47,384 [INFO] Received command ElasticBeanstalkCommand-AWSEBAutoScalingGroup (invocation id: cc40d194-a768-4373-b736-aeea42ed94fa)
2025-10-26 08:14:47,384 [INFO] Running action for aws-eb-command-handler
2025-10-26 08:14:54,856 [INFO] Action for aws-eb-command-handler succeeded, returning SUCCESS
2025-10-26 08:16:55,094 [INFO] command processing is alive.
2025-10-26 08:19:16,826 [INFO] Received command ElasticBeanstalkCommand-AWSEBAutoScalingGroup (invocation id: b73b9308-33ee-46d7-ab27-d0fd6c5a643a)
2025-10-26 08:19:16,826 [INFO] Running action for aws-eb-command-handler
2025-10-26 08:19:38,941 [INFO] Action for aws-eb-command-handler succeeded, returning SUCCESS
2025-10-26 08:20:20,333 [INFO] Received command ElasticBeanstalkCommand-AWSEBAutoScalingGroup (invocation id: 4868abe0-0f89-4343-bc40-a295d27d49e9)
2025-10-26 08:20:20,333 [INFO] Running action for aws-eb-command-handler
2025-10-26 08:20:21,091 [INFO] Action for aws-eb-command-handler succeeded, returning SUCCESS
2025-10-26 08:21:54,075 [INFO] Received command ElasticBeanstalkCommand-AWSEBAutoScalingGroup (invocation id: 3e0740f5-da46-4e5a-8a3b-b3c11d412818)
2025-10-26 08:21:54,075 [INFO] Running action for aws-eb-command-handler
